<?xml version="1.0" encoding="UTF-8"?>
<testng-results skipped="0" failed="0" ignored="0" total="2" passed="2">
  <reporter-output>
  </reporter-output>
  <suite name="Default suite" duration-ms="26921" started-at="2022-05-16T23:00:28 EDT" finished-at="2022-05-16T23:00:55 EDT">
    <groups>
      <group name="cucumber">
        <method signature="AbstractTestNGCucumberTests.runScenario(io.cucumber.testng.PickleWrapper,io.cucumber.testng.FeatureWrapper)[pri:0, instance:com.Homework.runners.TestRunner@69b0fd6f]" name="runScenario" class="io.cucumber.testng.AbstractTestNGCucumberTests"/>
      </group> <!-- cucumber -->
    </groups>
    <test name="Default test" duration-ms="26921" started-at="2022-05-16T23:00:28 EDT" finished-at="2022-05-16T23:00:55 EDT">
      <class name="com.Homework.runners.TestRunner">
        <test-method status="PASS" signature="setUpClass(org.testng.ITestContext)[pri:0, instance:com.Homework.runners.TestRunner@69b0fd6f]" name="setUpClass" is-config="true" duration-ms="306" started-at="2022-05-16T23:00:28 EDT" finished-at="2022-05-16T23:00:28 EDT">
          <params>
            <param index="0">
              <value>
                <![CDATA[org.testng.TestRunner@107e5441]]>
              </value>
            </param>
          </params>
          <reporter-output>
          </reporter-output>
        </test-method> <!-- setUpClass -->
        <test-method status="PASS" signature="runScenario(io.cucumber.testng.PickleWrapper,io.cucumber.testng.FeatureWrapper)[pri:0, instance:com.Homework.runners.TestRunner@69b0fd6f]" name="runScenario" duration-ms="14470" started-at="2022-05-16T23:00:28 EDT" description="Runs Cucumber Scenarios" data-provider="scenarios" finished-at="2022-05-16T23:00:43 EDT">
          <params>
            <param index="0">
              <value>
                <![CDATA["simple search"]]>
              </value>
            </param>
            <param index="1">
              <value>
                <![CDATA["Optional[google search]"]]>
              </value>
            </param>
          </params>
          <reporter-output>
          </reporter-output>
        </test-method> <!-- runScenario -->
        <test-method status="PASS" signature="runScenario(io.cucumber.testng.PickleWrapper,io.cucumber.testng.FeatureWrapper)[pri:0, instance:com.Homework.runners.TestRunner@69b0fd6f]" name="runScenario" duration-ms="12087" started-at="2022-05-16T23:00:43 EDT" description="Runs Cucumber Scenarios" data-provider="scenarios" finished-at="2022-05-16T23:00:55 EDT">
          <params>
            <param index="0">
              <value>
                <![CDATA["simple search"]]>
              </value>
            </param>
            <param index="1">
              <value>
                <![CDATA["Optional[google search]"]]>
              </value>
            </param>
          </params>
          <reporter-output>
          </reporter-output>
        </test-method> <!-- runScenario -->
        <test-method status="PASS" signature="tearDownClass()[pri:0, instance:com.Homework.runners.TestRunner@69b0fd6f]" name="tearDownClass" is-config="true" duration-ms="7" started-at="2022-05-16T23:00:55 EDT" finished-at="2022-05-16T23:00:55 EDT">
          <reporter-output>
          </reporter-output>
        </test-method> <!-- tearDownClass -->
      </class> <!-- com.Homework.runners.TestRunner -->
    </test> <!-- Default test -->
  </suite> <!-- Default suite -->
</testng-results>
